[DEBUG] 2023-10-28 10:16:08.178 [main] PagesTest - Debugging................
[INFO ] 2023-10-28 10:16:08.283 [main] PagesTest - Verifying Home Page Title....
[INFO ] 2023-10-28 10:16:08.288 [main] PagesTest - Verifying Home Page Title Success....
[INFO ] 2023-10-28 10:16:08.305 [main] PagesTest - Verifying Home Page url....
[INFO ] 2023-10-28 10:16:08.306 [main] PagesTest - Verifying Home Page url Success....
[INFO ] 2023-10-28 10:16:08.517 [main] PagesTest - Verifying Home Page logo....
[INFO ] 2023-10-28 10:16:08.517 [main] PagesTest - Verifying Home Page logo success....
[INFO ] 2023-10-28 10:16:10.289 [main] PagesTest - Verifying Home Page links....
[INFO ] 2023-10-28 10:16:11.539 [main] PagesTest - Verifying Home Page products....
[INFO ] 2023-10-28 10:16:11.541 [main] PagesTest - Verifying Home Page products success....
[INFO ] 2023-10-28 10:16:13.410 [main] PagesTest - Verifying Home Page footer links....
[INFO ] 2023-10-28 10:16:13.410 [main] PagesTest - Verifying Home Page footer links Success....
[INFO ] 2023-10-28 10:16:15.755 [main] PagesTest - Verifying Home Page Header links....
[INFO ] 2023-10-28 10:16:15.756 [main] PagesTest - Verifying Home Page Header links Success....
[INFO ] 2023-10-28 10:16:16.882 [main] PagesTest - Verifying login Page Title....
[INFO ] 2023-10-28 10:16:16.883 [main] PagesTest - Verifying login Page Title success....
[INFO ] 2023-10-28 10:16:16.891 [main] PagesTest - Verifying login Page url....
[INFO ] 2023-10-28 10:16:16.891 [main] PagesTest - Verifying login Page url success....
[INFO ] 2023-10-28 10:16:16.955 [main] PagesTest - Verifying login Page Header....
[INFO ] 2023-10-28 10:16:16.955 [main] PagesTest - Verifying login Page Header success....
[INFO ] 2023-10-28 10:16:18.921 [main] PagesTest - Verifying login Page links....
[INFO ] 2023-10-28 10:16:18.921 [main] PagesTest - Verifying login Page links Success....
[INFO ] 2023-10-28 10:16:18.953 [main] PagesTest - Verifying login Page Account info....
[INFO ] 2023-10-28 10:16:18.953 [main] PagesTest - Verifying login Page Account info success....
[INFO ] 2023-10-28 10:16:20.021 [main] PagesTest - Verifying login Page Footer links....
[INFO ] 2023-10-28 10:16:20.021 [main] PagesTest - Verifying login Page Footer links success....
[INFO ] 2023-10-28 10:16:23.397 [main] PagesTest - Verifying login Page login Action....
[INFO ] 2023-10-28 10:16:25.218 [main] PagesTest - Verifying AddtoCart Page Title....
[INFO ] 2023-10-28 10:16:25.219 [main] PagesTest - Verifying AddtoCart Page Title success....
[INFO ] 2023-10-28 10:16:25.226 [main] PagesTest - Verifying AddtoCart Page url....
[INFO ] 2023-10-28 10:16:25.226 [main] PagesTest - Verifying AddtoCart Page url success....
[INFO ] 2023-10-28 10:16:26.486 [main] PagesTest - Verifying AddtoCart Page Product Overview....
[INFO ] 2023-10-28 10:16:26.489 [main] PagesTest - Verifying AddtoCart Page Product Overview Success....
[INFO ] 2023-10-28 10:16:27.633 [main] PagesTest - Verifying AddtoCart Page Product Specification....
[INFO ] 2023-10-28 10:16:27.634 [main] PagesTest - Verifying AddtoCart Page Product Specification success....
[INFO ] 2023-10-28 10:16:27.691 [main] PagesTest - Verifying AddtoCart Page Product info....
[INFO ] 2023-10-28 10:16:27.694 [main] PagesTest - Verifying AddtoCart Page Product info success....
[INFO ] 2023-10-28 10:16:27.767 [main] PagesTest - Verifying AddtoCart Page Product price....
[INFO ] 2023-10-28 10:16:27.770 [main] PagesTest - Verifying AddtoCart Page Product price success....
[INFO ] 2023-10-28 10:16:29.009 [main] PagesTest - Verifying AddtoCart Page links....
[INFO ] 2023-10-28 10:16:29.011 [main] PagesTest - Verifying AddtoCart Page links Success....
[INFO ] 2023-10-28 10:16:30.240 [main] PagesTest - Verifying AddtoCart Page footer links....
[INFO ] 2023-10-28 10:16:30.241 [main] PagesTest - Verifying AddtoCart Page footer links success....
[INFO ] 2023-10-28 10:16:32.464 [main] PagesTest - Verifying AddtoCart Page click on addtocart button....
[INFO ] 2023-10-28 10:16:32.492 [main] PagesTest - Verifying Checkout Page Title....
[INFO ] 2023-10-28 10:16:32.493 [main] PagesTest - Verifying Checkout Page Title success....
[INFO ] 2023-10-28 10:16:32.497 [main] PagesTest - Verifying Checkout Page url....
[INFO ] 2023-10-28 10:16:32.497 [main] PagesTest - Verifying Checkout Page url success....
[INFO ] 2023-10-28 10:16:38.216 [main] PagesTest - Verifying Checkout Page Shipping info....
[INFO ] 2023-10-28 10:16:38.216 [main] PagesTest - Verifying Checkout Page Shipping info success....
[INFO ] 2023-10-28 10:16:39.248 [main] PagesTest - Verifying Checkout Page Product price....
[INFO ] 2023-10-28 10:16:39.292 [main] PagesTest - Verifying Checkout Page product in cart....
[INFO ] 2023-10-28 10:16:39.293 [main] PagesTest - Verifying Checkout Page product in cart success....
[INFO ] 2023-10-28 10:16:42.195 [main] PagesTest - Verifying Checkout Page click on chckout button....
[INFO ] 2023-10-28 10:16:42.233 [main] PagesTest - Verifying Address Page title....
[INFO ] 2023-10-28 10:16:42.234 [main] PagesTest - Verifying Address Page title success....
[INFO ] 2023-10-28 10:16:42.237 [main] PagesTest - Verifying Address Page url....
[INFO ] 2023-10-28 10:16:42.238 [main] PagesTest - Verifying Address Page url success....
[INFO ] 2023-10-28 10:16:44.557 [main] PagesTest - Verifying Address Page Data....
[INFO ] 2023-10-28 10:16:44.564 [main] PagesTest - Verifying Payment Page Title....
[INFO ] 2023-10-28 10:16:44.564 [main] PagesTest - Verifying Payment Page Title success....
[INFO ] 2023-10-28 10:16:44.567 [main] PagesTest - Verifying Payment Page url....
[INFO ] 2023-10-28 10:16:44.568 [main] PagesTest - Verifying Payment Page url success....
[INFO ] 2023-10-28 10:16:46.862 [main] PagesTest - Verifying Payment Page click on continue buttons....
[INFO ] 2023-10-28 10:16:49.095 [main] PagesTest - Verifying Payment Page Payment methods....
[INFO ] 2023-10-28 10:16:49.097 [main] PagesTest - Verifying Payment Page Payment methods success....
[INFO ] 2023-10-28 10:16:51.303 [main] PagesTest - Verifying Payment Page Payment info....
[INFO ] 2023-10-28 10:16:51.304 [main] PagesTest - Verifying Payment Page Payment info success....
[INFO ] 2023-10-28 10:16:52.346 [main] PagesTest - Verifying Payment Page biiling information....
[INFO ] 2023-10-28 10:16:53.384 [main] PagesTest - Verifying Payment Page Shipping  information....
[INFO ] 2023-10-28 10:16:54.455 [main] PagesTest - Verifying Payment Page final price ....
[INFO ] 2023-10-28 10:16:55.633 [main] PagesTest - Verifying Payment Page continue button....
[INFO ] 2023-10-28 10:16:55.667 [main] PagesTest - Verifying Payment Page final logo....
[INFO ] 2023-10-28 10:16:55.668 [main] PagesTest - Verifying Payment Page final logo success....
[INFO ] 2023-10-28 10:16:55.682 [main] PagesTest - Verifying Payment Page Order confirmtion message....
[INFO ] 2023-10-28 10:16:56.429 [main] PagesTest - Verifying Payment Page Order confirmtion number....
[INFO ] 2023-10-28 10:16:56.430 [main] PagesTest - Verifying Payment Page Order confirmtion number success....
[INFO ] 2023-10-28 10:16:56.451 [main] PagesTest - Page Closed...............
[DEBUG] 2023-10-28 10:19:37.257 [main] PagesTest - Debugging................
[INFO ] 2023-10-28 10:19:37.355 [main] PagesTest - Verifying Home Page Title....
[INFO ] 2023-10-28 10:19:37.361 [main] PagesTest - Verifying Home Page Title Success....
[INFO ] 2023-10-28 10:19:37.387 [main] PagesTest - Verifying Home Page url....
[INFO ] 2023-10-28 10:19:37.387 [main] PagesTest - Verifying Home Page url Success....
[INFO ] 2023-10-28 10:19:37.656 [main] PagesTest - Verifying Home Page logo....
[INFO ] 2023-10-28 10:19:37.656 [main] PagesTest - Verifying Home Page logo success....
[INFO ] 2023-10-28 10:19:39.317 [main] PagesTest - Verifying Home Page links....
[INFO ] 2023-10-28 10:19:40.475 [main] PagesTest - Verifying Home Page products....
[INFO ] 2023-10-28 10:19:40.475 [main] PagesTest - Verifying Home Page products success....
[INFO ] 2023-10-28 10:19:42.175 [main] PagesTest - Verifying Home Page footer links....
[INFO ] 2023-10-28 10:19:42.175 [main] PagesTest - Verifying Home Page footer links Success....
[INFO ] 2023-10-28 10:19:43.692 [main] PagesTest - Verifying Home Page Header links....
[INFO ] 2023-10-28 10:19:43.693 [main] PagesTest - Verifying Home Page Header links Success....
[INFO ] 2023-10-28 10:19:44.935 [main] PagesTest - Verifying login Page Title....
[INFO ] 2023-10-28 10:19:44.935 [main] PagesTest - Verifying login Page Title success....
[INFO ] 2023-10-28 10:19:44.946 [main] PagesTest - Verifying login Page url....
[INFO ] 2023-10-28 10:19:44.946 [main] PagesTest - Verifying login Page url success....
[INFO ] 2023-10-28 10:19:45.049 [main] PagesTest - Verifying login Page Header....
[INFO ] 2023-10-28 10:19:45.052 [main] PagesTest - Verifying login Page Header success....
[INFO ] 2023-10-28 10:19:46.892 [main] PagesTest - Verifying login Page links....
[INFO ] 2023-10-28 10:19:46.893 [main] PagesTest - Verifying login Page links Success....
[INFO ] 2023-10-28 10:19:46.915 [main] PagesTest - Verifying login Page Account info....
[INFO ] 2023-10-28 10:19:46.915 [main] PagesTest - Verifying login Page Account info success....
[INFO ] 2023-10-28 10:19:47.997 [main] PagesTest - Verifying login Page Footer links....
[INFO ] 2023-10-28 10:19:47.998 [main] PagesTest - Verifying login Page Footer links success....
[INFO ] 2023-10-28 10:19:51.445 [main] PagesTest - Verifying login Page login Action....
[INFO ] 2023-10-28 10:19:53.265 [main] PagesTest - Verifying AddtoCart Page Title....
[INFO ] 2023-10-28 10:19:53.266 [main] PagesTest - Verifying AddtoCart Page Title success....
[INFO ] 2023-10-28 10:19:53.287 [main] PagesTest - Verifying AddtoCart Page url....
[INFO ] 2023-10-28 10:19:53.287 [main] PagesTest - Verifying AddtoCart Page url success....
[INFO ] 2023-10-28 10:19:54.869 [main] PagesTest - Verifying AddtoCart Page Product Overview....
[INFO ] 2023-10-28 10:19:54.873 [main] PagesTest - Verifying AddtoCart Page Product Overview Success....
[INFO ] 2023-10-28 10:19:55.982 [main] PagesTest - Verifying AddtoCart Page Product Specification....
[INFO ] 2023-10-28 10:19:55.983 [main] PagesTest - Verifying AddtoCart Page Product Specification success....
[INFO ] 2023-10-28 10:19:56.039 [main] PagesTest - Verifying AddtoCart Page Product info....
[INFO ] 2023-10-28 10:19:56.040 [main] PagesTest - Verifying AddtoCart Page Product info success....
[INFO ] 2023-10-28 10:19:56.095 [main] PagesTest - Verifying AddtoCart Page Product price....
[INFO ] 2023-10-28 10:19:56.097 [main] PagesTest - Verifying AddtoCart Page Product price success....
[INFO ] 2023-10-28 10:19:57.301 [main] PagesTest - Verifying AddtoCart Page links....
[INFO ] 2023-10-28 10:19:57.301 [main] PagesTest - Verifying AddtoCart Page links Success....
[INFO ] 2023-10-28 10:19:58.486 [main] PagesTest - Verifying AddtoCart Page footer links....
[INFO ] 2023-10-28 10:19:58.487 [main] PagesTest - Verifying AddtoCart Page footer links success....
[INFO ] 2023-10-28 10:20:00.774 [main] PagesTest - Verifying AddtoCart Page click on addtocart button....
[INFO ] 2023-10-28 10:20:00.786 [main] PagesTest - Verifying Checkout Page Title....
[INFO ] 2023-10-28 10:20:00.786 [main] PagesTest - Verifying Checkout Page Title success....
[INFO ] 2023-10-28 10:20:00.792 [main] PagesTest - Verifying Checkout Page url....
[INFO ] 2023-10-28 10:20:00.793 [main] PagesTest - Verifying Checkout Page url success....
[INFO ] 2023-10-28 10:20:06.759 [main] PagesTest - Verifying Checkout Page Shipping info....
[INFO ] 2023-10-28 10:20:06.760 [main] PagesTest - Verifying Checkout Page Shipping info success....
[INFO ] 2023-10-28 10:20:07.806 [main] PagesTest - Verifying Checkout Page Product price....
[INFO ] 2023-10-28 10:20:07.848 [main] PagesTest - Verifying Checkout Page product in cart....
[INFO ] 2023-10-28 10:20:07.849 [main] PagesTest - Verifying Checkout Page product in cart success....
[INFO ] 2023-10-28 10:20:10.569 [main] PagesTest - Verifying Checkout Page click on chckout button....
[INFO ] 2023-10-28 10:20:10.602 [main] PagesTest - Verifying Address Page title....
[INFO ] 2023-10-28 10:20:10.602 [main] PagesTest - Verifying Address Page title success....
[INFO ] 2023-10-28 10:20:10.609 [main] PagesTest - Verifying Address Page url....
[INFO ] 2023-10-28 10:20:10.609 [main] PagesTest - Verifying Address Page url success....
[INFO ] 2023-10-28 10:20:13.245 [main] PagesTest - Verifying Address Page Data....
[INFO ] 2023-10-28 10:20:13.266 [main] PagesTest - Verifying Payment Page Title....
[INFO ] 2023-10-28 10:20:13.267 [main] PagesTest - Verifying Payment Page Title success....
[INFO ] 2023-10-28 10:20:13.291 [main] PagesTest - Verifying Payment Page url....
[INFO ] 2023-10-28 10:20:13.293 [main] PagesTest - Verifying Payment Page url success....
[INFO ] 2023-10-28 10:20:15.635 [main] PagesTest - Verifying Payment Page click on continue buttons....
[INFO ] 2023-10-28 10:20:17.948 [main] PagesTest - Verifying Payment Page Payment methods....
[INFO ] 2023-10-28 10:20:17.949 [main] PagesTest - Verifying Payment Page Payment methods success....
[INFO ] 2023-10-28 10:20:20.150 [main] PagesTest - Verifying Payment Page Payment info....
[INFO ] 2023-10-28 10:20:20.150 [main] PagesTest - Verifying Payment Page Payment info success....
[INFO ] 2023-10-28 10:20:21.195 [main] PagesTest - Verifying Payment Page biiling information....
[INFO ] 2023-10-28 10:20:22.236 [main] PagesTest - Verifying Payment Page Shipping  information....
[INFO ] 2023-10-28 10:20:23.270 [main] PagesTest - Verifying Payment Page final price ....
[INFO ] 2023-10-28 10:20:25.085 [main] PagesTest - Verifying Payment Page continue button....
[INFO ] 2023-10-28 10:20:25.269 [main] PagesTest - Verifying Payment Page final logo....
[INFO ] 2023-10-28 10:20:25.269 [main] PagesTest - Verifying Payment Page final logo success....
[INFO ] 2023-10-28 10:20:25.476 [main] PagesTest - Verifying Payment Page Order confirmtion message....
[INFO ] 2023-10-28 10:20:25.477 [main] PagesTest - Verifying Payment Page Order confirmtion message success....
[INFO ] 2023-10-28 10:20:25.529 [main] PagesTest - Verifying Payment Page Order confirmtion number....
[INFO ] 2023-10-28 10:20:25.529 [main] PagesTest - Verifying Payment Page Order confirmtion number success....
[INFO ] 2023-10-28 10:20:25.557 [main] PagesTest - Page Closed...............
[DEBUG] 2023-10-28 10:26:36.680 [main] PagesTest - Debugging................
[INFO ] 2023-10-28 10:26:36.934 [main] PagesTest - Verifying Home Page Title....
[INFO ] 2023-10-28 10:26:36.949 [main] PagesTest - Verifying Home Page Title Success....
[INFO ] 2023-10-28 10:26:37.776 [main] PagesTest - Verifying Home Page url....
[INFO ] 2023-10-28 10:26:37.776 [main] PagesTest - Verifying Home Page url Success....
[INFO ] 2023-10-28 10:26:38.369 [main] PagesTest - Verifying Home Page logo....
[INFO ] 2023-10-28 10:26:38.370 [main] PagesTest - Verifying Home Page logo success....
[INFO ] 2023-10-28 10:26:40.602 [main] PagesTest - Verifying Home Page links....
[INFO ] 2023-10-28 10:26:42.324 [main] PagesTest - Verifying Home Page products....
[INFO ] 2023-10-28 10:26:42.325 [main] PagesTest - Verifying Home Page products success....
[INFO ] 2023-10-28 10:26:44.640 [main] PagesTest - Verifying Home Page footer links....
[INFO ] 2023-10-28 10:26:44.640 [main] PagesTest - Verifying Home Page footer links Success....
[INFO ] 2023-10-28 10:26:47.385 [main] PagesTest - Verifying Home Page Header links....
[INFO ] 2023-10-28 10:26:47.386 [main] PagesTest - Verifying Home Page Header links Success....
[INFO ] 2023-10-28 10:26:49.013 [main] PagesTest - Verifying login Page Title....
[INFO ] 2023-10-28 10:26:49.014 [main] PagesTest - Verifying login Page Title success....
[INFO ] 2023-10-28 10:26:49.453 [main] PagesTest - Verifying login Page url....
[INFO ] 2023-10-28 10:26:49.453 [main] PagesTest - Verifying login Page url success....
[INFO ] 2023-10-28 10:26:49.807 [main] PagesTest - Verifying login Page Header....
[INFO ] 2023-10-28 10:26:49.807 [main] PagesTest - Verifying login Page Header success....
[INFO ] 2023-10-28 10:26:52.187 [main] PagesTest - Verifying login Page links....
[INFO ] 2023-10-28 10:26:52.187 [main] PagesTest - Verifying login Page links Success....
[INFO ] 2023-10-28 10:26:52.524 [main] PagesTest - Verifying login Page Account info....
[INFO ] 2023-10-28 10:26:52.524 [main] PagesTest - Verifying login Page Account info success....
[INFO ] 2023-10-28 10:26:54.074 [main] PagesTest - Verifying login Page Footer links....
[INFO ] 2023-10-28 10:26:54.074 [main] PagesTest - Verifying login Page Footer links success....
[INFO ] 2023-10-28 10:26:58.050 [main] PagesTest - Verifying login Page login Action....
[INFO ] 2023-10-28 10:27:00.401 [main] PagesTest - Verifying AddtoCart Page Title....
[INFO ] 2023-10-28 10:27:00.401 [main] PagesTest - Verifying AddtoCart Page Title success....
[INFO ] 2023-10-28 10:27:01.210 [main] PagesTest - Verifying AddtoCart Page url....
[INFO ] 2023-10-28 10:27:01.210 [main] PagesTest - Verifying AddtoCart Page url success....
[INFO ] 2023-10-28 10:27:02.738 [main] PagesTest - Verifying AddtoCart Page Product Overview....
[INFO ] 2023-10-28 10:27:02.741 [main] PagesTest - Verifying AddtoCart Page Product Overview Success....
[INFO ] 2023-10-28 10:27:04.405 [main] PagesTest - Verifying AddtoCart Page Product Specification....
[INFO ] 2023-10-28 10:27:04.407 [main] PagesTest - Verifying AddtoCart Page Product Specification success....
[INFO ] 2023-10-28 10:27:05.037 [main] PagesTest - Verifying AddtoCart Page Product info....
[INFO ] 2023-10-28 10:27:05.037 [main] PagesTest - Verifying AddtoCart Page Product info success....
[INFO ] 2023-10-28 10:27:05.707 [main] PagesTest - Verifying AddtoCart Page Product price....
[INFO ] 2023-10-28 10:27:05.708 [main] PagesTest - Verifying AddtoCart Page Product price success....
[INFO ] 2023-10-28 10:27:07.531 [main] PagesTest - Verifying AddtoCart Page links....
[INFO ] 2023-10-28 10:27:07.532 [main] PagesTest - Verifying AddtoCart Page links Success....
[INFO ] 2023-10-28 10:27:09.354 [main] PagesTest - Verifying AddtoCart Page footer links....
[INFO ] 2023-10-28 10:27:09.355 [main] PagesTest - Verifying AddtoCart Page footer links success....
[INFO ] 2023-10-28 10:27:12.176 [main] PagesTest - Verifying AddtoCart Page click on addtocart button....
[INFO ] 2023-10-28 10:27:12.650 [main] PagesTest - Verifying Checkout Page Title....
[INFO ] 2023-10-28 10:27:12.652 [main] PagesTest - Verifying Checkout Page Title success....
[INFO ] 2023-10-28 10:27:13.048 [main] PagesTest - Verifying Checkout Page url....
[INFO ] 2023-10-28 10:27:13.049 [main] PagesTest - Verifying Checkout Page url success....
[INFO ] 2023-10-28 10:27:19.233 [main] PagesTest - Verifying Checkout Page Shipping info....
[INFO ] 2023-10-28 10:27:19.233 [main] PagesTest - Verifying Checkout Page Shipping info success....
[INFO ] 2023-10-28 10:27:20.684 [main] PagesTest - Verifying Checkout Page Product price....
[INFO ] 2023-10-28 10:27:21.212 [main] PagesTest - Verifying Checkout Page product in cart....
[INFO ] 2023-10-28 10:27:21.214 [main] PagesTest - Verifying Checkout Page product in cart success....
[INFO ] 2023-10-28 10:27:24.144 [main] PagesTest - Verifying Checkout Page click on chckout button....
[INFO ] 2023-10-28 10:27:24.854 [main] PagesTest - Verifying Address Page title....
[INFO ] 2023-10-28 10:27:24.855 [main] PagesTest - Verifying Address Page title success....
[INFO ] 2023-10-28 10:27:25.211 [main] PagesTest - Verifying Address Page url....
[INFO ] 2023-10-28 10:27:25.211 [main] PagesTest - Verifying Address Page url success....
[INFO ] 2023-10-28 10:27:28.218 [main] PagesTest - Verifying Address Page Data....
[INFO ] 2023-10-28 10:27:28.653 [main] PagesTest - Verifying Payment Page Title....
[INFO ] 2023-10-28 10:27:28.657 [main] PagesTest - Verifying Payment Page Title success....
[INFO ] 2023-10-28 10:27:28.963 [main] PagesTest - Verifying Payment Page url....
[INFO ] 2023-10-28 10:27:28.963 [main] PagesTest - Verifying Payment Page url success....
[INFO ] 2023-10-28 10:27:31.680 [main] PagesTest - Verifying Payment Page click on continue buttons....
[INFO ] 2023-10-28 10:27:34.393 [main] PagesTest - Verifying Payment Page Payment methods....
[INFO ] 2023-10-28 10:27:34.397 [main] PagesTest - Verifying Payment Page Payment methods success....
[INFO ] 2023-10-28 10:27:37.037 [main] PagesTest - Verifying Payment Page Payment info....
[INFO ] 2023-10-28 10:27:37.038 [main] PagesTest - Verifying Payment Page Payment info success....
[INFO ] 2023-10-28 10:27:38.560 [main] PagesTest - Verifying Payment Page biiling information....
[INFO ] 2023-10-28 10:27:39.939 [main] PagesTest - Verifying Payment Page Shipping  information....
[INFO ] 2023-10-28 10:27:41.489 [main] PagesTest - Verifying Payment Page final price ....
[INFO ] 2023-10-28 10:27:43.058 [main] PagesTest - Verifying Payment Page continue button....
[INFO ] 2023-10-28 10:27:44.270 [main] PagesTest - Verifying Payment Page final logo....
[INFO ] 2023-10-28 10:27:44.271 [main] PagesTest - Verifying Payment Page final logo success....
[INFO ] 2023-10-28 10:27:44.732 [main] PagesTest - Verifying Payment Page Order confirmtion message....
[INFO ] 2023-10-28 10:27:44.732 [main] PagesTest - Verifying Payment Page Order confirmtion message success....
[INFO ] 2023-10-28 10:27:45.064 [main] PagesTest - Verifying Payment Page Order confirmtion number....
[INFO ] 2023-10-28 10:27:45.065 [main] PagesTest - Verifying Payment Page Order confirmtion number success....
[INFO ] 2023-10-28 10:27:45.503 [main] PagesTest - Page Closed...............
[DEBUG] 2023-10-28 11:03:24.980 [main] PagesTest - Debugging................
[INFO ] 2023-10-28 11:03:25.181 [main] PagesTest - Verifying Home Page Title....
[INFO ] 2023-10-28 11:03:25.188 [main] PagesTest - Verifying Home Page Title Success....
[INFO ] 2023-10-28 11:03:26.177 [main] PagesTest - Verifying Home Page url....
[INFO ] 2023-10-28 11:03:26.177 [main] PagesTest - Verifying Home Page url Success....
[INFO ] 2023-10-28 11:03:26.805 [main] PagesTest - Verifying Home Page logo....
[INFO ] 2023-10-28 11:03:26.805 [main] PagesTest - Verifying Home Page logo success....
[INFO ] 2023-10-28 11:03:28.491 [main] PagesTest - Verifying Home Page links....
[INFO ] 2023-10-28 11:03:30.163 [main] PagesTest - Verifying Home Page products....
[INFO ] 2023-10-28 11:03:30.163 [main] PagesTest - Verifying Home Page products success....
[INFO ] 2023-10-28 11:03:32.928 [main] PagesTest - Verifying Home Page footer links....
[INFO ] 2023-10-28 11:03:32.929 [main] PagesTest - Verifying Home Page footer links Success....
[INFO ] 2023-10-28 11:03:35.747 [main] PagesTest - Verifying Home Page Header links....
[INFO ] 2023-10-28 11:03:35.749 [main] PagesTest - Verifying Home Page Header links Success....
[INFO ] 2023-10-28 11:03:37.429 [main] PagesTest - Verifying login Page Title....
[INFO ] 2023-10-28 11:03:37.429 [main] PagesTest - Verifying login Page Title success....
[INFO ] 2023-10-28 11:03:37.749 [main] PagesTest - Verifying login Page url....
[INFO ] 2023-10-28 11:03:37.749 [main] PagesTest - Verifying login Page url success....
[INFO ] 2023-10-28 11:03:38.103 [main] PagesTest - Verifying login Page Header....
[INFO ] 2023-10-28 11:03:38.103 [main] PagesTest - Verifying login Page Header success....
[INFO ] 2023-10-28 11:03:40.497 [main] PagesTest - Verifying login Page links....
[INFO ] 2023-10-28 11:03:40.497 [main] PagesTest - Verifying login Page links Success....
[INFO ] 2023-10-28 11:03:40.852 [main] PagesTest - Verifying login Page Account info....
[INFO ] 2023-10-28 11:03:40.852 [main] PagesTest - Verifying login Page Account info success....
[INFO ] 2023-10-28 11:03:42.473 [main] PagesTest - Verifying login Page Footer links....
[INFO ] 2023-10-28 11:03:42.473 [main] PagesTest - Verifying login Page Footer links success....
[INFO ] 2023-10-28 11:03:46.454 [main] PagesTest - Verifying login Page login Action....
[INFO ] 2023-10-28 11:03:49.424 [main] PagesTest - Verifying AddtoCart Page Title....
[INFO ] 2023-10-28 11:03:49.425 [main] PagesTest - Verifying AddtoCart Page Title success....
[INFO ] 2023-10-28 11:03:50.066 [main] PagesTest - Verifying AddtoCart Page url....
[INFO ] 2023-10-28 11:03:50.066 [main] PagesTest - Verifying AddtoCart Page url success....
[INFO ] 2023-10-28 11:03:51.623 [main] PagesTest - Verifying AddtoCart Page Product Overview....
[INFO ] 2023-10-28 11:03:51.625 [main] PagesTest - Verifying AddtoCart Page Product Overview Success....
[INFO ] 2023-10-28 11:03:53.326 [main] PagesTest - Verifying AddtoCart Page Product Specification....
[INFO ] 2023-10-28 11:03:53.328 [main] PagesTest - Verifying AddtoCart Page Product Specification success....
[INFO ] 2023-10-28 11:03:54.041 [main] PagesTest - Verifying AddtoCart Page Product info....
[INFO ] 2023-10-28 11:03:54.042 [main] PagesTest - Verifying AddtoCart Page Product info success....
[INFO ] 2023-10-28 11:03:54.512 [main] PagesTest - Verifying AddtoCart Page Product price....
[INFO ] 2023-10-28 11:03:54.513 [main] PagesTest - Verifying AddtoCart Page Product price success....
[INFO ] 2023-10-28 11:03:56.248 [main] PagesTest - Verifying AddtoCart Page links....
[INFO ] 2023-10-28 11:03:56.248 [main] PagesTest - Verifying AddtoCart Page links Success....
[INFO ] 2023-10-28 11:03:57.919 [main] PagesTest - Verifying AddtoCart Page footer links....
[INFO ] 2023-10-28 11:03:57.921 [main] PagesTest - Verifying AddtoCart Page footer links success....
[INFO ] 2023-10-28 11:04:00.734 [main] PagesTest - Verifying AddtoCart Page click on addtocart button....
[INFO ] 2023-10-28 11:04:01.270 [main] PagesTest - Verifying Checkout Page Title....
[INFO ] 2023-10-28 11:04:01.272 [main] PagesTest - Verifying Checkout Page Title success....
[INFO ] 2023-10-28 11:04:01.650 [main] PagesTest - Verifying Checkout Page url....
[INFO ] 2023-10-28 11:04:01.650 [main] PagesTest - Verifying Checkout Page url success....
[INFO ] 2023-10-28 11:04:07.920 [main] PagesTest - Verifying Checkout Page Shipping info....
[INFO ] 2023-10-28 11:04:07.921 [main] PagesTest - Verifying Checkout Page Shipping info success....
[INFO ] 2023-10-28 11:04:09.266 [main] PagesTest - Verifying Checkout Page Product price....
[INFO ] 2023-10-28 11:04:09.767 [main] PagesTest - Verifying Checkout Page product in cart....
[INFO ] 2023-10-28 11:04:09.768 [main] PagesTest - Verifying Checkout Page product in cart success....
[INFO ] 2023-10-28 11:04:13.054 [main] PagesTest - Verifying Checkout Page click on chckout button....
[INFO ] 2023-10-28 11:04:13.759 [main] PagesTest - Verifying Address Page title....
[INFO ] 2023-10-28 11:04:13.760 [main] PagesTest - Verifying Address Page title success....
[INFO ] 2023-10-28 11:04:14.073 [main] PagesTest - Verifying Address Page url....
[INFO ] 2023-10-28 11:04:14.073 [main] PagesTest - Verifying Address Page url success....
[INFO ] 2023-10-28 11:04:16.438 [main] PagesTest - Verifying Address Page Data....
[INFO ] 2023-10-28 11:04:16.944 [main] PagesTest - Verifying Payment Page Title....
[INFO ] 2023-10-28 11:04:16.944 [main] PagesTest - Verifying Payment Page Title success....
[INFO ] 2023-10-28 11:04:17.291 [main] PagesTest - Verifying Payment Page url....
[INFO ] 2023-10-28 11:04:17.293 [main] PagesTest - Verifying Payment Page url success....
[INFO ] 2023-10-28 11:04:19.953 [main] PagesTest - Verifying Payment Page click on continue buttons....
[INFO ] 2023-10-28 11:04:22.767 [main] PagesTest - Verifying Payment Page Payment methods....
[INFO ] 2023-10-28 11:04:22.769 [main] PagesTest - Verifying Payment Page Payment methods success....
[INFO ] 2023-10-28 11:04:25.368 [main] PagesTest - Verifying Payment Page Payment info....
[INFO ] 2023-10-28 11:04:25.369 [main] PagesTest - Verifying Payment Page Payment info success....
[INFO ] 2023-10-28 11:04:26.859 [main] PagesTest - Verifying Payment Page biiling information....
[INFO ] 2023-10-28 11:04:28.286 [main] PagesTest - Verifying Payment Page Shipping  information....
[INFO ] 2023-10-28 11:04:29.823 [main] PagesTest - Verifying Payment Page final price ....
[INFO ] 2023-10-28 11:04:31.426 [main] PagesTest - Verifying Payment Page continue button....
[INFO ] 2023-10-28 11:04:32.689 [main] PagesTest - Verifying Payment Page Order confirmtion message....
[INFO ] 2023-10-28 11:04:32.690 [main] PagesTest - Verifying Payment Page Order confirmtion message success....
[INFO ] 2023-10-28 11:04:33.065 [main] PagesTest - Verifying Payment Page Order confirmtion number....
[INFO ] 2023-10-28 11:04:33.065 [main] PagesTest - Verifying Payment Page Order confirmtion number success....
[INFO ] 2023-10-28 11:04:33.433 [main] PagesTest - Page Closed...............
[DEBUG] 2023-10-28 11:08:36.279 [main] PagesTest - Debugging................
[INFO ] 2023-10-28 11:08:36.419 [main] PagesTest - Verifying Home Page Title....
[INFO ] 2023-10-28 11:08:36.424 [main] PagesTest - Verifying Home Page Title Success....
[INFO ] 2023-10-28 11:08:37.277 [main] PagesTest - Verifying Home Page url....
[INFO ] 2023-10-28 11:08:37.278 [main] PagesTest - Verifying Home Page url Success....
[INFO ] 2023-10-28 11:08:37.924 [main] PagesTest - Verifying Home Page logo....
[INFO ] 2023-10-28 11:08:37.926 [main] PagesTest - Verifying Home Page logo success....
[INFO ] 2023-10-28 11:08:39.530 [main] PagesTest - Verifying Home Page links....
[INFO ] 2023-10-28 11:08:41.171 [main] PagesTest - Verifying Home Page products....
[INFO ] 2023-10-28 11:08:41.171 [main] PagesTest - Verifying Home Page products success....
[INFO ] 2023-10-28 11:08:44.274 [main] PagesTest - Verifying Home Page footer links....
[INFO ] 2023-10-28 11:08:44.274 [main] PagesTest - Verifying Home Page footer links Success....
[INFO ] 2023-10-28 11:08:46.751 [main] PagesTest - Verifying Home Page Header links....
[INFO ] 2023-10-28 11:08:46.752 [main] PagesTest - Verifying Home Page Header links Success....
[INFO ] 2023-10-28 11:08:48.467 [main] PagesTest - Verifying login Page Title....
[INFO ] 2023-10-28 11:08:48.468 [main] PagesTest - Verifying login Page Title success....
[INFO ] 2023-10-28 11:08:48.788 [main] PagesTest - Verifying login Page url....
[INFO ] 2023-10-28 11:08:48.789 [main] PagesTest - Verifying login Page url success....
[INFO ] 2023-10-28 11:08:49.209 [main] PagesTest - Verifying login Page Header....
[INFO ] 2023-10-28 11:08:49.209 [main] PagesTest - Verifying login Page Header success....
[INFO ] 2023-10-28 11:08:51.671 [main] PagesTest - Verifying login Page links....
[INFO ] 2023-10-28 11:08:51.671 [main] PagesTest - Verifying login Page links Success....
[INFO ] 2023-10-28 11:08:52.034 [main] PagesTest - Verifying login Page Account info....
[INFO ] 2023-10-28 11:08:52.034 [main] PagesTest - Verifying login Page Account info success....
[INFO ] 2023-10-28 11:08:53.564 [main] PagesTest - Verifying login Page Footer links....
[INFO ] 2023-10-28 11:08:53.565 [main] PagesTest - Verifying login Page Footer links success....
[INFO ] 2023-10-28 11:08:57.346 [main] PagesTest - Verifying login Page login Action....
[INFO ] 2023-10-28 11:08:59.748 [main] PagesTest - Verifying AddtoCart Page Title....
[INFO ] 2023-10-28 11:08:59.750 [main] PagesTest - Verifying AddtoCart Page Title success....
[INFO ] 2023-10-28 11:09:00.576 [main] PagesTest - Verifying AddtoCart Page url....
[INFO ] 2023-10-28 11:09:00.576 [main] PagesTest - Verifying AddtoCart Page url success....
[INFO ] 2023-10-28 11:09:02.175 [main] PagesTest - Verifying AddtoCart Page Product Overview....
[INFO ] 2023-10-28 11:09:02.176 [main] PagesTest - Verifying AddtoCart Page Product Overview Success....
[INFO ] 2023-10-28 11:09:03.823 [main] PagesTest - Verifying AddtoCart Page Product Specification....
[INFO ] 2023-10-28 11:09:03.825 [main] PagesTest - Verifying AddtoCart Page Product Specification success....
[INFO ] 2023-10-28 11:09:04.462 [main] PagesTest - Verifying AddtoCart Page Product info....
[INFO ] 2023-10-28 11:09:04.463 [main] PagesTest - Verifying AddtoCart Page Product info success....
[INFO ] 2023-10-28 11:09:05.002 [main] PagesTest - Verifying AddtoCart Page Product price....
[INFO ] 2023-10-28 11:09:05.003 [main] PagesTest - Verifying AddtoCart Page Product price success....
[INFO ] 2023-10-28 11:09:06.668 [main] PagesTest - Verifying AddtoCart Page links....
[INFO ] 2023-10-28 11:09:06.669 [main] PagesTest - Verifying AddtoCart Page links Success....
[INFO ] 2023-10-28 11:09:08.380 [main] PagesTest - Verifying AddtoCart Page footer links....
[INFO ] 2023-10-28 11:09:08.382 [main] PagesTest - Verifying AddtoCart Page footer links success....
[INFO ] 2023-10-28 11:09:11.257 [main] PagesTest - Verifying AddtoCart Page click on addtocart button....
[INFO ] 2023-10-28 11:09:11.615 [main] PagesTest - Verifying Checkout Page Title....
[INFO ] 2023-10-28 11:09:11.615 [main] PagesTest - Verifying Checkout Page Title success....
[INFO ] 2023-10-28 11:09:11.959 [main] PagesTest - Verifying Checkout Page url....
[INFO ] 2023-10-28 11:09:11.959 [main] PagesTest - Verifying Checkout Page url success....
[INFO ] 2023-10-28 11:09:18.267 [main] PagesTest - Verifying Checkout Page Shipping info....
[INFO ] 2023-10-28 11:09:18.268 [main] PagesTest - Verifying Checkout Page Shipping info success....
[INFO ] 2023-10-28 11:09:19.695 [main] PagesTest - Verifying Checkout Page Product price....
[INFO ] 2023-10-28 11:09:20.211 [main] PagesTest - Verifying Checkout Page product in cart....
[INFO ] 2023-10-28 11:09:20.211 [main] PagesTest - Verifying Checkout Page product in cart success....
[INFO ] 2023-10-28 11:09:23.500 [main] PagesTest - Verifying Checkout Page click on chckout button....
[INFO ] 2023-10-28 11:09:24.289 [main] PagesTest - Verifying Address Page title....
[INFO ] 2023-10-28 11:09:24.290 [main] PagesTest - Verifying Address Page title success....
[INFO ] 2023-10-28 11:09:24.587 [main] PagesTest - Verifying Address Page url....
[INFO ] 2023-10-28 11:09:24.587 [main] PagesTest - Verifying Address Page url success....
[INFO ] 2023-10-28 11:09:26.988 [main] PagesTest - Verifying Address Page Data....
[INFO ] 2023-10-28 11:09:27.484 [main] PagesTest - Verifying Payment Page Title....
[INFO ] 2023-10-28 11:09:27.485 [main] PagesTest - Verifying Payment Page Title success....
[INFO ] 2023-10-28 11:09:27.856 [main] PagesTest - Verifying Payment Page url....
[INFO ] 2023-10-28 11:09:27.857 [main] PagesTest - Verifying Payment Page url success....
[INFO ] 2023-10-28 11:09:30.604 [main] PagesTest - Verifying Payment Page click on continue buttons....
[INFO ] 2023-10-28 11:09:33.349 [main] PagesTest - Verifying Payment Page Payment methods....
[INFO ] 2023-10-28 11:09:33.350 [main] PagesTest - Verifying Payment Page Payment methods success....
[INFO ] 2023-10-28 11:09:35.932 [main] PagesTest - Verifying Payment Page Payment info....
[INFO ] 2023-10-28 11:09:35.933 [main] PagesTest - Verifying Payment Page Payment info success....
[INFO ] 2023-10-28 11:09:37.462 [main] PagesTest - Verifying Payment Page biiling information....
[INFO ] 2023-10-28 11:09:39.098 [main] PagesTest - Verifying Payment Page Shipping  information....
[INFO ] 2023-10-28 11:09:40.625 [main] PagesTest - Verifying Payment Page final price ....
[INFO ] 2023-10-28 11:09:42.737 [main] PagesTest - Verifying Payment Page continue button....
[INFO ] 2023-10-28 11:09:43.246 [main] PagesTest - Verifying Payment Page final logo....
[INFO ] 2023-10-28 11:09:43.246 [main] PagesTest - Verifying Payment Page final logo success....
[INFO ] 2023-10-28 11:09:43.603 [main] PagesTest - Verifying Payment Page Order confirmtion message....
[INFO ] 2023-10-28 11:09:43.603 [main] PagesTest - Verifying Payment Page Order confirmtion message success....
[INFO ] 2023-10-28 11:09:44.125 [main] PagesTest - Verifying Payment Page Order confirmtion number....
[INFO ] 2023-10-28 11:09:44.125 [main] PagesTest - Verifying Payment Page Order confirmtion number success....
[INFO ] 2023-10-28 11:09:44.434 [main] PagesTest - Page Closed...............
[DEBUG] 2023-10-28 11:12:55.443 [main] PagesTest - Debugging................
[INFO ] 2023-10-28 11:12:55.716 [main] PagesTest - Verifying Home Page Title....
[INFO ] 2023-10-28 11:12:55.724 [main] PagesTest - Verifying Home Page Title Success....
[INFO ] 2023-10-28 11:12:56.607 [main] PagesTest - Verifying Home Page url....
[INFO ] 2023-10-28 11:12:56.607 [main] PagesTest - Verifying Home Page url Success....
[INFO ] 2023-10-28 11:12:57.266 [main] PagesTest - Verifying Home Page logo....
[INFO ] 2023-10-28 11:12:57.266 [main] PagesTest - Verifying Home Page logo success....
[INFO ] 2023-10-28 11:12:58.858 [main] PagesTest - Verifying Home Page links....
[INFO ] 2023-10-28 11:13:00.504 [main] PagesTest - Verifying Home Page products....
[INFO ] 2023-10-28 11:13:00.504 [main] PagesTest - Verifying Home Page products success....
[INFO ] 2023-10-28 11:13:03.621 [main] PagesTest - Verifying Home Page footer links....
[INFO ] 2023-10-28 11:13:03.622 [main] PagesTest - Verifying Home Page footer links Success....
[INFO ] 2023-10-28 11:13:06.429 [main] PagesTest - Verifying Home Page Header links....
[INFO ] 2023-10-28 11:13:06.429 [main] PagesTest - Verifying Home Page Header links Success....
[INFO ] 2023-10-28 11:13:08.083 [main] PagesTest - Verifying login Page Title....
[INFO ] 2023-10-28 11:13:08.084 [main] PagesTest - Verifying login Page Title success....
[INFO ] 2023-10-28 11:13:08.434 [main] PagesTest - Verifying login Page url....
[INFO ] 2023-10-28 11:13:08.434 [main] PagesTest - Verifying login Page url success....
[INFO ] 2023-10-28 11:13:08.863 [main] PagesTest - Verifying login Page Header....
[INFO ] 2023-10-28 11:13:08.863 [main] PagesTest - Verifying login Page Header success....
[INFO ] 2023-10-28 11:13:11.258 [main] PagesTest - Verifying login Page links....
[INFO ] 2023-10-28 11:13:11.259 [main] PagesTest - Verifying login Page links Success....
[INFO ] 2023-10-28 11:13:11.598 [main] PagesTest - Verifying login Page Account info....
[INFO ] 2023-10-28 11:13:11.598 [main] PagesTest - Verifying login Page Account info success....
[INFO ] 2023-10-28 11:13:13.115 [main] PagesTest - Verifying login Page Footer links....
[INFO ] 2023-10-28 11:13:13.115 [main] PagesTest - Verifying login Page Footer links success....
[INFO ] 2023-10-28 11:13:16.975 [main] PagesTest - Verifying login Page login Action....
[INFO ] 2023-10-28 11:13:19.517 [main] PagesTest - Verifying AddtoCart Page Title....
[INFO ] 2023-10-28 11:13:19.517 [main] PagesTest - Verifying AddtoCart Page Title success....
[INFO ] 2023-10-28 11:13:20.082 [main] PagesTest - Verifying AddtoCart Page url....
[INFO ] 2023-10-28 11:13:20.082 [main] PagesTest - Verifying AddtoCart Page url success....
[INFO ] 2023-10-28 11:13:21.697 [main] PagesTest - Verifying AddtoCart Page Product Overview....
[INFO ] 2023-10-28 11:13:21.699 [main] PagesTest - Verifying AddtoCart Page Product Overview Success....
[INFO ] 2023-10-28 11:13:23.358 [main] PagesTest - Verifying AddtoCart Page Product Specification....
[INFO ] 2023-10-28 11:13:23.358 [main] PagesTest - Verifying AddtoCart Page Product Specification success....
[INFO ] 2023-10-28 11:13:23.953 [main] PagesTest - Verifying AddtoCart Page Product info....
[INFO ] 2023-10-28 11:13:23.953 [main] PagesTest - Verifying AddtoCart Page Product info success....
[INFO ] 2023-10-28 11:13:24.673 [main] PagesTest - Verifying AddtoCart Page Product price....
[INFO ] 2023-10-28 11:13:24.674 [main] PagesTest - Verifying AddtoCart Page Product price success....
[INFO ] 2023-10-28 11:13:26.477 [main] PagesTest - Verifying AddtoCart Page links....
[INFO ] 2023-10-28 11:13:26.477 [main] PagesTest - Verifying AddtoCart Page links Success....
[INFO ] 2023-10-28 11:13:28.349 [main] PagesTest - Verifying AddtoCart Page footer links....
[INFO ] 2023-10-28 11:13:28.350 [main] PagesTest - Verifying AddtoCart Page footer links success....
[INFO ] 2023-10-28 11:13:31.208 [main] PagesTest - Verifying AddtoCart Page click on addtocart button....
[INFO ] 2023-10-28 11:13:31.709 [main] PagesTest - Verifying Checkout Page Title....
[INFO ] 2023-10-28 11:13:31.709 [main] PagesTest - Verifying Checkout Page Title success....
[INFO ] 2023-10-28 11:13:32.036 [main] PagesTest - Verifying Checkout Page url....
[INFO ] 2023-10-28 11:13:32.037 [main] PagesTest - Verifying Checkout Page url success....
[INFO ] 2023-10-28 11:13:38.009 [main] PagesTest - Verifying Checkout Page Shipping info....
[INFO ] 2023-10-28 11:13:38.009 [main] PagesTest - Verifying Checkout Page Shipping info success....
[INFO ] 2023-10-28 11:13:39.488 [main] PagesTest - Verifying Checkout Page Product price....
[INFO ] 2023-10-28 11:13:40.000 [main] PagesTest - Verifying Checkout Page product in cart....
[INFO ] 2023-10-28 11:13:40.002 [main] PagesTest - Verifying Checkout Page product in cart success....
[INFO ] 2023-10-28 11:13:43.136 [main] PagesTest - Verifying Checkout Page click on chckout button....
[INFO ] 2023-10-28 11:13:43.637 [main] PagesTest - Verifying Address Page title....
[INFO ] 2023-10-28 11:13:43.637 [main] PagesTest - Verifying Address Page title success....
[INFO ] 2023-10-28 11:13:43.941 [main] PagesTest - Verifying Address Page url....
[INFO ] 2023-10-28 11:13:43.941 [main] PagesTest - Verifying Address Page url success....
[INFO ] 2023-10-28 11:13:46.576 [main] PagesTest - Verifying Address Page Data....
[INFO ] 2023-10-28 11:13:47.032 [main] PagesTest - Verifying Payment Page Title....
[INFO ] 2023-10-28 11:13:47.034 [main] PagesTest - Verifying Payment Page Title success....
[INFO ] 2023-10-28 11:13:47.556 [main] PagesTest - Verifying Payment Page url....
[INFO ] 2023-10-28 11:13:47.556 [main] PagesTest - Verifying Payment Page url success....
[INFO ] 2023-10-28 11:13:50.235 [main] PagesTest - Verifying Payment Page click on continue buttons....
[INFO ] 2023-10-28 11:13:53.040 [main] PagesTest - Verifying Payment Page Payment methods....
[INFO ] 2023-10-28 11:13:53.041 [main] PagesTest - Verifying Payment Page Payment methods success....
[INFO ] 2023-10-28 11:13:55.595 [main] PagesTest - Verifying Payment Page Payment info....
[INFO ] 2023-10-28 11:13:55.595 [main] PagesTest - Verifying Payment Page Payment info success....
[INFO ] 2023-10-28 11:13:57.211 [main] PagesTest - Verifying Payment Page biiling information....
[INFO ] 2023-10-28 11:13:58.726 [main] PagesTest - Verifying Payment Page Shipping  information....
[INFO ] 2023-10-28 11:14:00.343 [main] PagesTest - Verifying Payment Page final price ....
[INFO ] 2023-10-28 11:14:02.259 [main] PagesTest - Verifying Payment Page continue button....
[INFO ] 2023-10-28 11:14:02.879 [main] PagesTest - Verifying Payment Page final logo....
[INFO ] 2023-10-28 11:14:02.880 [main] PagesTest - Verifying Payment Page final logo success....
[INFO ] 2023-10-28 11:14:03.227 [main] PagesTest - Verifying Payment Page Order confirmtion message....
[INFO ] 2023-10-28 11:14:03.227 [main] PagesTest - Verifying Payment Page Order confirmtion message success....
[INFO ] 2023-10-28 11:14:03.538 [main] PagesTest - Verifying Payment Page Order confirmtion number....
[INFO ] 2023-10-28 11:14:03.538 [main] PagesTest - Verifying Payment Page Order confirmtion number success....
[INFO ] 2023-10-28 11:14:03.874 [main] PagesTest - Page Closed...............
